app/build/outputs/logs/manifest-merger-baidu-debug-report.txt
-- Merging decision tree log ---
manifest
ADDED from src\main\AndroidManifest.xml:2:1-402:12
	package
		ADDED from src\main\AndroidManifest.xml:3:11-44
		INJECTED from src\main\AndroidManifest.xml
		INJECTED from src\main\AndroidManifest.xml
	android:versionName
		ADDED from src\main\AndroidManifest.xml:5:11-38
		INJECTED from src\main\AndroidManifest.xml
		INJECTED from src\main\AndroidManifest.xml
	android:versionCode
		ADDED from src\main\AndroidManifest.xml:4:11-36
		INJECTED from src\main\AndroidManifest.xml
		INJECTED from src\main\AndroidManifest.xml
	xmlns:android
		ADDED from src\main\AndroidManifest.xml:2:11-69
uses-permission#android.permission.VIBRATE
ADDED from src\main\AndroidManifest.xml:8:5-65
	android:name
		ADDED from src\main\AndroidManifest.xml:8:22-63
uses-permission#android.permission.READ_EXTERNAL_STORAGE
ADDED from src\main\AndroidManifest.xml:10:5-79
MERGED from [com.kailashdabhi:om-recorder:1.1.0] AndroidManifest.xml:11:5-80
	android:name
		ADDED from src\main\AndroidManifest.xml:10:22-77
uses-permission#android.permission.CAMERA
ADDED from src\main\AndroidManifest.xml:13:5-64
	android:name
		ADDED from src\main\AndroidManifest.xml:13:22-62
uses-permission#android.permission.RECORD_AUDIO
ADDED from src\main\AndroidManifest.xml:14:5-70
MERGED from [com.kailashdabhi:om-recorder:1.1.0] AndroidManifest.xml:9:5-71
	android:name
		ADDED from src\main\AndroidManifest.xml:14:22-68
uses-permission#android.permission.SYSTEM_ALERT_WINDOW
ADDED from src\main\AndroidManifest.xml:17:5-77
	android:name
		ADDED from src\main\AndroidManifest.xml:17:22-75
uses-permission#android.permission.ACCESS_COARSE_LOCATION
ADDED from src\main\AndroidManifest.xml:20:5-80
	android:name
		ADDED from src\main\AndroidManifest.xml:20:22-78
uses-permission#android.permission.ACCESS_FINE_LOCATION
ADDED from src\main\AndroidManifest.xml:21:5-78
	android:name
		ADDED from src\main\AndroidManifest.xml:21:22-76
uses-permission#android.permission.ACCESS_NETWORK_STATE
ADDED from src\main\AndroidManifest.xml:23:5-78
MERGED from [fm.jiecao:jiecaovideoplayer:5.7] AndroidManifest.xml:11:5-79
	android:name
		ADDED from src\main\AndroidManifest.xml:23:22-76
uses-permission#android.permission.INTERNET
ADDED from src\main\AndroidManifest.xml:24:5-66
MERGED from [com.zhy:okhttputils:2.0.2] AndroidManifest.xml:11:5-67
	android:name
		ADDED from src\main\AndroidManifest.xml:24:22-64
uses-permission#android.permission.ACCESS_WIFI_STATE
ADDED from src\main\AndroidManifest.xml:25:5-75
	android:name
		ADDED from src\main\AndroidManifest.xml:25:22-73
uses-permission#android.permission.MOUNT_UNMOUNT_FILESYSTEMS
ADDED from src\main\AndroidManifest.xml:26:5-83
	android:name
		ADDED from src\main\AndroidManifest.xml:26:22-81
uses-permission#android.permission.WRITE_EXTERNAL_STORAGE
ADDED from src\main\AndroidManifest.xml:27:5-80
MERGED from [com.zhy:okhttputils:2.0.2] AndroidManifest.xml:12:5-81
MERGED from [com.kailashdabhi:om-recorder:1.1.0] AndroidManifest.xml:10:5-81
	android:name
		ADDED from src\main\AndroidManifest.xml:27:22-78
uses-permission#android.permission.READ_PHONE_STATE
ADDED from src\main\AndroidManifest.xml:28:5-74
	android:name
		ADDED from src\main\AndroidManifest.xml:28:22-72
uses-permission#android.permission.READ_CONTACTS
ADDED from src\main\AndroidManifest.xml:30:5-71
	android:name
		ADDED from src\main\AndroidManifest.xml:30:22-69
uses-feature#android.hardware.camera
ADDED from src\main\AndroidManifest.xml:33:5-59
	android:name
		ADDED from src\main\AndroidManifest.xml:33:19-57
uses-feature#android.hardware.camera.autofocus
ADDED from src\main\AndroidManifest.xml:34:5-69
	android:name
		ADDED from src\main\AndroidManifest.xml:34:19-67
uses-permission#android.permission.FLASHLIGHT
ADDED from src\main\AndroidManifest.xml:36:5-68
	android:name
		ADDED from src\main\AndroidManifest.xml:36:22-66
uses-permission#android.permission.READ_LOGS
ADDED from src\main\AndroidManifest.xml:37:5-67
	android:name
		ADDED from src\main\AndroidManifest.xml:37:22-65
uses-permission#android.permission.GET_TASKS
ADDED from src\main\AndroidManifest.xml:40:5-67
	android:name
		ADDED from src\main\AndroidManifest.xml:40:22-65
uses-permission#android.permission.CHANGE_WIFI_STATE
ADDED from src\main\AndroidManifest.xml:41:5-75
	android:name
		ADDED from src\main\AndroidManifest.xml:41:22-73
uses-permission#android.permission.MANAGE_ACCOUNTS
ADDED from src\main\AndroidManifest.xml:42:5-73
	android:name
		ADDED from src\main\AndroidManifest.xml:42:22-71
uses-permission#android.permission.GET_ACCOUNTS
ADDED from src\main\AndroidManifest.xml:43:5-70
	android:name
		ADDED from src\main\AndroidManifest.xml:43:22-68
uses-permission#android.permission.BLUETOOTH
ADDED from src\main\AndroidManifest.xml:45:5-67
	android:name
		ADDED from src\main\AndroidManifest.xml:45:22-65
uses-permission#android.permission.BLUETOOTH_ADMIN
ADDED from src\main\AndroidManifest.xml:46:5-73
	android:name
		ADDED from src\main\AndroidManifest.xml:46:22-71
uses-permission#android.permission.WAKE_LOCK
ADDED from src\main\AndroidManifest.xml:49:5-67
	android:name
		ADDED from src\main\AndroidManifest.xml:49:22-65
application
ADDED from src\main\AndroidManifest.xml:54:5-400:19
MERGED from [com.zhy:okhttputils:2.0.2] AndroidManifest.xml:14:5-17:19
MERGED from [com.android.support:design:25.0.0] AndroidManifest.xml:25:5-20
MERGED from [com.android.support:transition:25.0.0] AndroidManifest.xml:22:5-20
MERGED from [com.android.support:cardview-v7:25.0.0] AndroidManifest.xml:22:5-20
MERGED from [com.android.support:palette-v7:25.0.0] AndroidManifest.xml:22:5-23:19
MERGED from [com.github.adrielcafe:AndroidAudioRecorder:0.2.0] AndroidManifest.xml:11:5-16:19
MERGED from [com.kailashdabhi:om-recorder:1.1.0] AndroidManifest.xml:13:5-17:19
MERGED from [com.android.support:appcompat-v7:25.3.1] AndroidManifest.xml:29:5-20
MERGED from [com.android.support:support-v4:25.3.1] AndroidManifest.xml:29:5-20
MERGED from [com.android.support:support-fragment:25.3.1] AndroidManifest.xml:29:5-20
MERGED from [com.android.support:support-media-compat:25.3.1] AndroidManifest.xml:29:5-20
MERGED from [com.android.support:support-core-ui:25.3.1] AndroidManifest.xml:29:5-20
MERGED from [com.android.support:support-core-utils:25.3.1] AndroidManifest.xml:29:5-20
MERGED from [com.android.support:animated-vector-drawable:25.3.1] AndroidManifest.xml:26:5-20
MERGED from [com.android.support:support-vector-drawable:25.3.1] AndroidManifest.xml:26:5-20
MERGED from [com.android.support:support-compat:25.3.1] AndroidManifest.xml:29:5-20
	android:label
		ADDED from src\main\AndroidManifest.xml:58:9-41
	android:supportsRtl
		ADDED from [com.kailashdabhi:om-recorder:1.1.0] AndroidManifest.xml:16:9-35
	android:allowBackup
		ADDED from src\main\AndroidManifest.xml:56:9-35
	android:icon
		ADDED from src\main\AndroidManifest.xml:57:9-45
	android:largeHeap
		ADDED from src\main\AndroidManifest.xml:59:9-33
	android:theme
		ADDED from src\main\AndroidManifest.xml:60:9-40
	android:name
		ADDED from src\main\AndroidManifest.xml:55:9-50
activity#com.touyuanren.hahahuyu.ui.activity.WelcomeActivity
ADDED from src\main\AndroidManifest.xml:63:9-73:20
	android:label
		ADDED from src\main\AndroidManifest.xml:65:13-45
	android:name
		ADDED from src\main\AndroidManifest.xml:64:13-56
intent-filter#android.intent.action.MAIN+android.intent.category.LAUNCHER
ADDED from src\main\AndroidManifest.xml:68:13-72:29
action#android.intent.action.MAIN
ADDED from src\main\AndroidManifest.xml:69:17-68
	android:name
		ADDED from src\main\AndroidManifest.xml:69:25-66
category#android.intent.category.LAUNCHER
ADDED from src\main\AndroidManifest.xml:71:17-76
	android:name
		ADDED from src\main\AndroidManifest.xml:71:27-74
activity#com.touyuanren.hahahuyu.ui.activity.MainActivity
ADDED from src\main\AndroidManifest.xml:74:9-76:51
	android:screenOrientation
		ADDED from src\main\AndroidManifest.xml:76:13-49
	android:name
		ADDED from src\main\AndroidManifest.xml:75:13-53
activity#com.touyuanren.hahahuyu.ui.activity.shouye.CaptureActivity
ADDED from src\main\AndroidManifest.xml:77:9-79:51
	android:screenOrientation
		ADDED from src\main\AndroidManifest.xml:79:13-49
	android:name
		ADDED from src\main\AndroidManifest.xml:78:13-63
activity#com.touyuanren.hahahuyu.ui.activity.PublishHuoDongActivity
ADDED from src\main\AndroidManifest.xml:80:9-82:51
	android:screenOrientation
		ADDED from src\main\AndroidManifest.xml:82:13-49
	android:name
		ADDED from src\main\AndroidManifest.xml:81:13-63
activity#com.touyuanren.hahahuyu.ui.activity.HuoDongDetailActivity
ADDED from src\main\AndroidManifest.xml:83:9-85:51
	android:screenOrientation
		ADDED from src\main\AndroidManifest.xml:85:13-49
	android:name
		ADDED from src\main\AndroidManifest.xml:84:13-62
activity#com.touyuanren.hahahuyu.ui.activity.SearchActivity
ADDED from src\main\AndroidManifest.xml:86:9-88:51
	android:screenOrientation
		ADDED from src\main\AndroidManifest.xml:88:13-49
	android:name
		ADDED from src\main\AndroidManifest.xml:87:13-55
activity#com.touyuanren.hahahuyu.ui.activity.SearchListAct
ADDED from src\main\AndroidManifest.xml:90:9-92:51
	android:screenOrientation
		ADDED from src\main\AndroidManifest.xml:92:13-49
	android:name
		ADDED from src\main\AndroidManifest.xml:91:13-54
activity#com.touyuanren.hahahuyu.ui.activity.users.GameListAcitivity
ADDED from src\main\AndroidManifest.xml:93:9-95:51
	android:screenOrientation
		ADDED from src\main\AndroidManifest.xml:95:13-49
	android:name
		ADDED from src\main\AndroidManifest.xml:94:13-64
activity#com.touyuanren.hahahuyu.ui.activity.BaoMingActivity
ADDED from src\main\AndroidManifest.xml:96:9-98:51
	android:screenOrientation
		ADDED from src\main\AndroidManifest.xml:98:13-49
	android:name
		ADDED from src\main\AndroidManifest.xml:97:13-56
activity#com.touyuanren.hahahuyu.ui.activity.account.ManageTicketActivity
ADDED from src\main\AndroidManifest.xml:99:9-101:47
	android:screenOrientation
		ADDED from src\main\AndroidManifest.xml:101:9-45
	android:name
		ADDED from src\main\AndroidManifest.xml:100:9-65
activity#com.touyuanren.hahahuyu.ui.activity.TestAty
ADDED from src\main\AndroidManifest.xml:102:9-104:51
	android:screenOrientation
		ADDED from src\main\AndroidManifest.xml:104:13-49
	android:name
		ADDED from src\main\AndroidManifest.xml:103:13-48
activity#com.touyuanren.hahahuyu.ui.activity.MoreHdActivity
ADDED from src\main\AndroidManifest.xml:105:9-107:51
	android:screenOrientation
		ADDED from src\main\AndroidManifest.xml:107:13-49
	android:name
		ADDED from src\main\AndroidManifest.xml:106:13-55
activity#com.touyuanren.hahahuyu.ui.activity.shouye.CitySelectorActivity
ADDED from src\main\AndroidManifest.xml:108:9-110:51
	android:screenOrientation
		ADDED from src\main\AndroidManifest.xml:110:13-49
	android:name
		ADDED from src\main\AndroidManifest.xml:109:13-68
activity#com.touyuanren.hahahuyu.ui.activity.users.SettingActivity
ADDED from src\main\AndroidManifest.xml:114:9-116:51
	android:screenOrientation
		ADDED from src\main\AndroidManifest.xml:116:13-49
	android:name
		ADDED from src\main\AndroidManifest.xml:115:13-62
activity#com.touyuanren.hahahuyu.ui.activity.users.MyCollectActivity
ADDED from src\main\AndroidManifest.xml:117:9-119:51
	android:screenOrientation
		ADDED from src\main\AndroidManifest.xml:119:13-49
	android:name
		ADDED from src\main\AndroidManifest.xml:118:13-64
activity#com.touyuanren.hahahuyu.ui.activity.users.MyJoinActivity
ADDED from src\main\AndroidManifest.xml:120:9-122:51
	android:screenOrientation
		ADDED from src\main\AndroidManifest.xml:122:13-49
	android:name
		ADDED from src\main\AndroidManifest.xml:121:13-61
activity#com.touyuanren.hahahuyu.ui.activity.account.LoginActivity
ADDED from src\main\AndroidManifest.xml:123:9-125:51
	android:screenOrientation
		ADDED from src\main\AndroidManifest.xml:125:13-49
	android:name
		ADDED from src\main\AndroidManifest.xml:124:13-62
activity#com.touyuanren.hahahuyu.ui.activity.account.RegisterActivity
ADDED from src\main\AndroidManifest.xml:126:9-128:51
	android:screenOrientation
		ADDED from src\main\AndroidManifest.xml:128:13-49
	android:name
		ADDED from src\main\AndroidManifest.xml:127:13-65
activity#com.touyuanren.hahahuyu.ui.activity.shouye.HuoDongActivity
ADDED from src\main\AndroidManifest.xml:129:9-131:51
	android:screenOrientation
		ADDED from src\main\AndroidManifest.xml:131:13-49
	android:name
		ADDED from src\main\AndroidManifest.xml:130:13-63
activity#com.touyuanren.hahahuyu.ui.activity.GameActivity
ADDED from src\main\AndroidManifest.xml:132:9-135:46
	android:screenOrientation
		ADDED from src\main\AndroidManifest.xml:134:13-49
	android:theme
		ADDED from src\main\AndroidManifest.xml:135:13-44
	android:name
		ADDED from src\main\AndroidManifest.xml:133:13-53
activity#com.touyuanren.hahahuyu.ui.activity.ShowPicActivity
ADDED from src\main\AndroidManifest.xml:136:9-138:51
	android:screenOrientation
		ADDED from src\main\AndroidManifest.xml:138:13-49
	android:name
		ADDED from src\main\AndroidManifest.xml:137:13-56
activity#com.touyuanren.hahahuyu.ui.activity.BuyTicketActivity
ADDED from src\main\AndroidManifest.xml:139:9-141:51
	android:screenOrientation
		ADDED from src\main\AndroidManifest.xml:141:13-49
	android:name
		ADDED from src\main\AndroidManifest.xml:140:13-58
activity#com.touyuanren.hahahuyu.ui.activity.account.OrganizerActivity
ADDED from src\main\AndroidManifest.xml:142:9-144:51
	android:screenOrientation
		ADDED from src\main\AndroidManifest.xml:144:13-49
	android:name
		ADDED from src\main\AndroidManifest.xml:143:13-66
activity#com.touyuanren.hahahuyu.ui.activity.GameProcessActivity
ADDED from src\main\AndroidManifest.xml:146:9-148:51
	android:screenOrientation
		ADDED from src\main\AndroidManifest.xml:148:13-49
	android:name
		ADDED from src\main\AndroidManifest.xml:147:13-60
activity#com.touyuanren.hahahuyu.ui.activity.GameReportActivity
ADDED from src\main\AndroidManifest.xml:149:9-151:51
	android:screenOrientation
		ADDED from src\main\AndroidManifest.xml:151:13-49
	android:name
		ADDED from src\main\AndroidManifest.xml:150:13-59
activity#com.touyuanren.hahahuyu.ui.activity.GameDetailActivity
ADDED from src\main\AndroidManifest.xml:152:9-154:51
	android:screenOrientation
		ADDED from src\main\AndroidManifest.xml:154:13-49
	android:name
		ADDED from src\main\AndroidManifest.xml:153:13-59
activity#com.touyuanren.hahahuyu.ui.activity.LargeImageActivity
ADDED from src\main\AndroidManifest.xml:155:9-157:51
	android:screenOrientation
		ADDED from src\main\AndroidManifest.xml:157:13-49
	android:name
		ADDED from src\main\AndroidManifest.xml:156:13-59
activity#com.touyuanren.hahahuyu.ui.activity.account.AccountManagementAct
ADDED from src\main\AndroidManifest.xml:158:9-160:51
	android:screenOrientation
		ADDED from src\main\AndroidManifest.xml:160:13-49
	android:name
		ADDED from src\main\AndroidManifest.xml:159:13-69
activity#com.touyuanren.hahahuyu.ui.activity.account.ManageMoneyAct
ADDED from src\main\AndroidManifest.xml:161:9-163:51
	android:screenOrientation
		ADDED from src\main\AndroidManifest.xml:163:13-49
	android:name
		ADDED from src\main\AndroidManifest.xml:162:13-63
activity#com.touyuanren.hahahuyu.ui.activity.account.RealNameAuthenActivity
ADDED from src\main\AndroidManifest.xml:164:9-166:51
	android:screenOrientation
		ADDED from src\main\AndroidManifest.xml:166:13-49
	android:name
		ADDED from src\main\AndroidManifest.xml:165:13-71
activity#com.touyuanren.hahahuyu.ui.activity.account.ContactListActivity
ADDED from src\main\AndroidManifest.xml:167:9-169:51
	android:screenOrientation
		ADDED from src\main\AndroidManifest.xml:169:13-49
	android:name
		ADDED from src\main\AndroidManifest.xml:168:13-68
activity#com.touyuanren.hahahuyu.ui.activity.account.ForgetPasswordActivity
ADDED from src\main\AndroidManifest.xml:171:9-173:51
	android:screenOrientation
		ADDED from src\main\AndroidManifest.xml:173:13-49
	android:name
		ADDED from src\main\AndroidManifest.xml:172:13-71
activity#com.touyuanren.hahahuyu.ui.activity.account.CommentActivity
ADDED from src\main\AndroidManifest.xml:175:9-177:51
	android:screenOrientation
		ADDED from src\main\AndroidManifest.xml:177:13-49
	android:name
		ADDED from src\main\AndroidManifest.xml:176:13-64
activity#com.touyuanren.hahahuyu.ui.activity.users.MyLogAct
ADDED from src\main\AndroidManifest.xml:179:9-181:51
	android:screenOrientation
		ADDED from src\main\AndroidManifest.xml:181:13-49
	android:name
		ADDED from src\main\AndroidManifest.xml:180:13-55
activity#com.touyuanren.hahahuyu.ui.activity.account.PublishMyLogAct
ADDED from src\main\AndroidManifest.xml:183:9-185:51
	android:screenOrientation
		ADDED from src\main\AndroidManifest.xml:185:13-49
	android:name
		ADDED from src\main\AndroidManifest.xml:184:13-64
activity#com.multi_image_selector.MultiImageSelectorActivity
ADDED from src\main\AndroidManifest.xml:187:9-189:51
	android:screenOrientation
		ADDED from src\main\AndroidManifest.xml:189:13-49
	android:name
		ADDED from src\main\AndroidManifest.xml:188:13-79
activity#com.touyuanren.hahahuyu.ui.activity.shouye.OrderConfirmAct
ADDED from src\main\AndroidManifest.xml:191:9-193:51
	android:screenOrientation
		ADDED from src\main\AndroidManifest.xml:193:13-49
	android:name
		ADDED from src\main\AndroidManifest.xml:192:13-63
activity#com.touyuanren.hahahuyu.ui.activity.ZhuanTiAct
ADDED from src\main\AndroidManifest.xml:194:9-196:51
	android:screenOrientation
		ADDED from src\main\AndroidManifest.xml:196:13-49
	android:name
		ADDED from src\main\AndroidManifest.xml:195:13-51
activity#com.touyuanren.hahahuyu.ui.activity.PlayerActivity
ADDED from src\main\AndroidManifest.xml:198:9-200:51
	android:screenOrientation
		ADDED from src\main\AndroidManifest.xml:200:13-49
	android:name
		ADDED from src\main\AndroidManifest.xml:199:13-55
activity#com.touyuanren.hahahuyu.ui.activity.account.MyFriendsAct
ADDED from src\main\AndroidManifest.xml:202:9-204:51
	android:screenOrientation
		ADDED from src\main\AndroidManifest.xml:204:13-49
	android:name
		ADDED from src\main\AndroidManifest.xml:203:13-61
activity#com.touyuanren.hahahuyu.ui.activity.shouye.HuoDongDetailAct
ADDED from src\main\AndroidManifest.xml:206:9-208:51
	android:screenOrientation
		ADDED from src\main\AndroidManifest.xml:208:13-49
	android:name
		ADDED from src\main\AndroidManifest.xml:207:13-64
activity#com.touyuanren.hahahuyu.ui.activity.account.ChangeLoginPwdActivity
ADDED from src\main\AndroidManifest.xml:210:9-212:51
	android:screenOrientation
		ADDED from src\main\AndroidManifest.xml:212:13-49
	android:name
		ADDED from src\main\AndroidManifest.xml:211:13-71
activity#com.touyuanren.hahahuyu.audio.activity.NewsListDetali
ADDED from src\main\AndroidManifest.xml:214:9-216:51
	android:screenOrientation
		ADDED from src\main\AndroidManifest.xml:216:13-49
	android:name
		ADDED from src\main\AndroidManifest.xml:215:13-58
activity#com.touyuanren.hahahuyu.ui.activity.NewsDetailAct
ADDED from src\main\AndroidManifest.xml:218:9-220:51
	android:screenOrientation
		ADDED from src\main\AndroidManifest.xml:220:13-49
	android:name
		ADDED from src\main\AndroidManifest.xml:219:13-54
activity#com.touyuanren.hahahuyu.ui.activity.GameBaomingAct
ADDED from src\main\AndroidManifest.xml:222:9-226:51
	android:screenOrientation
		ADDED from src\main\AndroidManifest.xml:226:13-49
	android:windowSoftInputMode
		ADDED from src\main\AndroidManifest.xml:225:13-65
	android:configChanges
		ADDED from src\main\AndroidManifest.xml:224:13-83
	android:name
		ADDED from src\main\AndroidManifest.xml:223:13-55
activity#com.touyuanren.hahahuyu.ui.activity.MoreMsgAct
ADDED from src\main\AndroidManifest.xml:228:9-230:51
	android:screenOrientation
		ADDED from src\main\AndroidManifest.xml:230:13-49
	android:name
		ADDED from src\main\AndroidManifest.xml:229:13-51
activity#com.touyuanren.hahahuyu.ui.activity.CommitWorksAct
ADDED from src\main\AndroidManifest.xml:232:9-234:51
	android:screenOrientation
		ADDED from src\main\AndroidManifest.xml:234:13-49
	android:name
		ADDED from src\main\AndroidManifest.xml:233:13-55
activity#com.touyuanren.hahahuyu.ui.activity.users.GamePersonAct
ADDED from src\main\AndroidManifest.xml:235:9-237:51
	android:screenOrientation
		ADDED from src\main\AndroidManifest.xml:237:13-49
	android:name
		ADDED from src\main\AndroidManifest.xml:236:13-60
activity#com.touyuanren.hahahuyu.ui.activity.users.MyOrderAct
ADDED from src\main\AndroidManifest.xml:239:9-241:51
	android:screenOrientation
		ADDED from src\main\AndroidManifest.xml:241:13-49
	android:name
		ADDED from src\main\AndroidManifest.xml:240:13-57
activity#com.touyuanren.hahahuyu.ui.activity.shouye.ToPayActivity
ADDED from src\main\AndroidManifest.xml:243:9-245:51
	android:screenOrientation
		ADDED from src\main\AndroidManifest.xml:245:13-49
	android:name
		ADDED from src\main\AndroidManifest.xml:244:13-61
activity#com.touyuanren.hahahuyu.ui.activity.news.ChannelActivity
ADDED from src\main\AndroidManifest.xml:248:9-250:51
	android:screenOrientation
		ADDED from src\main\AndroidManifest.xml:250:13-49
	android:name
		ADDED from src\main\AndroidManifest.xml:249:13-61
activity#com.touyuanren.hahahuyu.ui.activity.users.MyAlbumActivity
ADDED from src\main\AndroidManifest.xml:251:9-253:51
	android:screenOrientation
		ADDED from src\main\AndroidManifest.xml:253:13-49
	android:name
		ADDED from src\main\AndroidManifest.xml:252:13-62
activity#com.touyuanren.hahahuyu.ui.activity.news.ZiMeiTiNewsAct
ADDED from src\main\AndroidManifest.xml:254:9-256:51
	android:screenOrientation
		ADDED from src\main\AndroidManifest.xml:256:13-49
	android:name
		ADDED from src\main\AndroidManifest.xml:255:13-60
activity#com.touyuanren.hahahuyu.ui.activity.account.PublishAlbumActivity
ADDED from src\main\AndroidManifest.xml:257:9-259:51
	android:screenOrientation
		ADDED from src\main\AndroidManifest.xml:259:13-49
	android:name
		ADDED from src\main\AndroidManifest.xml:258:13-69
activity#com.touyuanren.hahahuyu.audio.activity.SendAcitivity
ADDED from src\main\AndroidManifest.xml:260:9-262:51
	android:screenOrientation
		ADDED from src\main\AndroidManifest.xml:262:13-49
	android:name
		ADDED from src\main\AndroidManifest.xml:261:13-57
activity#com.touyuanren.hahahuyu.audio.activity.SendNewsListActivity
ADDED from src\main\AndroidManifest.xml:263:9-265:51
	android:screenOrientation
		ADDED from src\main\AndroidManifest.xml:265:13-49
	android:name
		ADDED from src\main\AndroidManifest.xml:264:13-64
activity#com.touyuanren.hahahuyu.ui.activity.account.UploadPicActivity
ADDED from src\main\AndroidManifest.xml:266:9-268:51
	android:screenOrientation
		ADDED from src\main\AndroidManifest.xml:268:13-49
	android:name
		ADDED from src\main\AndroidManifest.xml:267:13-66
activity#com.touyuanren.hahahuyu.ui.activity.PleaseUploadPicAct
ADDED from src\main\AndroidManifest.xml:269:9-271:51
	android:screenOrientation
		ADDED from src\main\AndroidManifest.xml:271:13-49
	android:name
		ADDED from src\main\AndroidManifest.xml:270:13-59
activity#com.touyuanren.hahahuyu.audio.activity.VedioListDetail
ADDED from src\main\AndroidManifest.xml:272:9-274:51
	android:screenOrientation
		ADDED from src\main\AndroidManifest.xml:274:13-49
	android:name
		ADDED from src\main\AndroidManifest.xml:273:13-59
activity#com.touyuanren.hahahuyu.ui.activity.AboutUsAct
ADDED from src\main\AndroidManifest.xml:275:9-277:51
	android:screenOrientation
		ADDED from src\main\AndroidManifest.xml:277:13-49
	android:name
		ADDED from src\main\AndroidManifest.xml:276:13-51
activity#com.touyuanren.hahahuyu.ui.activity.users.UserDongTaiAct
ADDED from src\main\AndroidManifest.xml:278:9-280:51
	android:screenOrientation
		ADDED from src\main\AndroidManifest.xml:280:13-49
	android:name
		ADDED from src\main\AndroidManifest.xml:279:13-61
activity#com.touyuanren.hahahuyu.ui.activity.LogDetailAct
ADDED from src\main\AndroidManifest.xml:281:9-283:51
	android:screenOrientation
		ADDED from src\main\AndroidManifest.xml:283:13-49
	android:name
		ADDED from src\main\AndroidManifest.xml:282:13-53
activity#com.touyuanren.hahahuyu.ui.activity.account.PublishDongTaiAct
ADDED from src\main\AndroidManifest.xml:284:9-286:51
	android:screenOrientation
		ADDED from src\main\AndroidManifest.xml:286:13-49
	android:name
		ADDED from src\main\AndroidManifest.xml:285:13-66
activity#com.touyuanren.hahahuyu.ui.activity.account.MyPicListAct
ADDED from src\main\AndroidManifest.xml:287:9-69
	android:name
		ADDED from src\main\AndroidManifest.xml:287:19-67
activity#com.touyuanren.hahahuyu.ui.activity.account.NotificationUpdateActivity
ADDED from src\main\AndroidManifest.xml:288:9-290:51
	android:screenOrientation
		ADDED from src\main\AndroidManifest.xml:290:13-49
	android:name
		ADDED from src\main\AndroidManifest.xml:289:13-75
activity#com.touyuanren.hahahuyu.ui.activity.users.OthersActivity
ADDED from src\main\AndroidManifest.xml:293:9-295:51
	android:screenOrientation
		ADDED from src\main\AndroidManifest.xml:295:13-49
	android:name
		ADDED from src\main\AndroidManifest.xml:294:13-61
activity#com.touyuanren.hahahuyu.ui.activity.shouye.CityPickerActivity
ADDED from src\main\AndroidManifest.xml:296:9-299:66
	android:screenOrientation
		ADDED from src\main\AndroidManifest.xml:298:13-49
	android:windowSoftInputMode
		ADDED from src\main\AndroidManifest.xml:299:13-64
	android:name
		ADDED from src\main\AndroidManifest.xml:297:13-66
activity#com.touyuanren.hahahuyu.ui.activity.shouye.DongTaiActivity
ADDED from src\main\AndroidManifest.xml:302:9-304:51
	android:screenOrientation
		ADDED from src\main\AndroidManifest.xml:304:13-49
	android:name
		ADDED from src\main\AndroidManifest.xml:303:13-63
activity#com.touyuanren.hahahuyu.ui.activity.LifoActivity
ADDED from src\main\AndroidManifest.xml:305:9-307:51
	android:screenOrientation
		ADDED from src\main\AndroidManifest.xml:307:13-49
	android:name
		ADDED from src\main\AndroidManifest.xml:306:13-53
activity#com.touyuanren.hahahuyu.ui.activity.MusicActivity
ADDED from src\main\AndroidManifest.xml:309:9-311:51
	android:screenOrientation
		ADDED from src\main\AndroidManifest.xml:311:13-49
	android:name
		ADDED from src\main\AndroidManifest.xml:310:13-54
activity#com.touyuanren.hahahuyu.audio.MainAcitity
ADDED from src\main\AndroidManifest.xml:312:9-314:51
	android:screenOrientation
		ADDED from src\main\AndroidManifest.xml:314:13-49
	android:name
		ADDED from src\main\AndroidManifest.xml:313:13-46
activity#com.touyuanren.hahahuyu.audio.activity.AudioListDetail
ADDED from src\main\AndroidManifest.xml:319:9-321:51
	android:screenOrientation
		ADDED from src\main\AndroidManifest.xml:321:13-49
	android:name
		ADDED from src\main\AndroidManifest.xml:320:13-59
activity#com.touyuanren.hahahuyu.ui.activity.users.ChongzhiActivity
ADDED from src\main\AndroidManifest.xml:322:9-324:51
	android:screenOrientation
		ADDED from src\main\AndroidManifest.xml:324:13-49
	android:name
		ADDED from src\main\AndroidManifest.xml:323:13-63
activity#com.touyuanren.hahahuyu.ui.activity.news.ZMTcommentsActivity
ADDED from src\main\AndroidManifest.xml:326:9-328:51
	android:screenOrientation
		ADDED from src\main\AndroidManifest.xml:328:13-49
	android:name
		ADDED from src\main\AndroidManifest.xml:327:13-65
service#com.amap.api.location.APSService
ADDED from src\main\AndroidManifest.xml:330:9-67
	android:name
		ADDED from src\main\AndroidManifest.xml:330:18-65
meta-data#com.amap.api.v2.apikey
ADDED from src\main\AndroidManifest.xml:332:9-334:39
	android:value
		ADDED from src\main\AndroidManifest.xml:334:13-37
	android:name
		ADDED from src\main\AndroidManifest.xml:333:13-50
service#com.touyuanren.hahahuyu.service.UploadSystemInfo
ADDED from src\main\AndroidManifest.xml:336:9-338:51
	android:screenOrientation
		ADDED from src\main\AndroidManifest.xml:338:13-49
	android:name
		ADDED from src\main\AndroidManifest.xml:337:13-53
service#com.touyuanren.hahahuyu.service.DownloadService
ADDED from src\main\AndroidManifest.xml:339:9-59
	android:name
		ADDED from src\main\AndroidManifest.xml:339:18-57
service#com.touyuanren.hahahuyu.utils.newapp.DownloadApkService
ADDED from src\main\AndroidManifest.xml:340:9-342:38
	android:exported
		ADDED from src\main\AndroidManifest.xml:342:13-36
	android:name
		ADDED from src\main\AndroidManifest.xml:341:13-60
meta-data#UMENG_APPKEY
ADDED from src\main\AndroidManifest.xml:345:9-347:55
	android:value
		ADDED from src\main\AndroidManifest.xml:347:13-53
	android:name
		ADDED from src\main\AndroidManifest.xml:346:13-40
meta-data#UMENG_CHANNEL
ADDED from src\main\AndroidManifest.xml:348:9-350:53
	android:value
		ADDED from src\main\AndroidManifest.xml:350:13-51
		INJECTED from src\main\AndroidManifest.xml
	android:name
		ADDED from src\main\AndroidManifest.xml:349:13-41
activity#com.touyuanren.hahahuyu.ui.activity.FriendActivity
ADDED from src\main\AndroidManifest.xml:353:9-355:51
	android:screenOrientation
		ADDED from src\main\AndroidManifest.xml:355:13-49
	android:name
		ADDED from src\main\AndroidManifest.xml:354:13-55
activity#com.touyuanren.hahahuyu.ui.activity.users.UserRoleActivity
ADDED from src\main\AndroidManifest.xml:357:9-359:51
	android:screenOrientation
		ADDED from src\main\AndroidManifest.xml:359:13-49
	android:name
		ADDED from src\main\AndroidManifest.xml:358:13-63
activity#com.touyuanren.hahahuyu.ui.activity.users.UserpackActivity
ADDED from src\main\AndroidManifest.xml:361:9-363:51
	android:screenOrientation
		ADDED from src\main\AndroidManifest.xml:363:13-49
	android:name
		ADDED from src\main\AndroidManifest.xml:362:13-63
activity#com.touyuanren.hahahuyu.ui.activity.users.UserGroupActivity
ADDED from src\main\AndroidManifest.xml:364:9-82
	android:name
		ADDED from src\main\AndroidManifest.xml:364:19-70
activity#com.mob.tools.MobUIShell
ADDED from src\main\AndroidManifest.xml:368:9-388:20
	android:screenOrientation
		ADDED from src\main\AndroidManifest.xml:371:13-49
	android:windowSoftInputMode
		ADDED from src\main\AndroidManifest.xml:373:13-67
	android:configChanges
		ADDED from src\main\AndroidManifest.xml:370:13-74
	android:theme